           Time    Speed        Read     Read   Mapped   Mapped   Mapped   Mapped Unmapped Unmapped Unmapped Unmapped
                    M/hr      number   length   unique   length   MMrate    multi   multi+       MM    short    other
Feb 22 17:09:06    192.4     3206693       98    91.7%     95.5     0.4%     0.0%     1.7%     0.0%     6.6%     0.1%
Feb 22 17:10:06    184.4     6148071       98    91.7%     95.5     0.4%     0.0%     1.7%     0.0%     6.5%     0.1%
Feb 22 17:11:06    180.5     9025506       98    91.8%     95.5     0.4%     0.0%     1.7%     0.0%     6.4%     0.1%
Feb 22 17:12:06    178.3    11886752       98    91.8%     95.6     0.4%     0.0%     1.7%     0.0%     6.4%     0.1%
Feb 22 17:13:07    176.3    14739707       98    91.8%     95.6     0.4%     0.0%     1.7%     0.0%     6.4%     0.1%
Feb 22 17:14:11    165.4    16768475       98    91.9%     95.6     0.4%     0.0%     1.7%     0.0%     6.4%     0.1%
Feb 22 17:15:12    161.5    19114238       98    91.9%     95.6     0.4%     0.0%     1.7%     0.0%     6.3%     0.1%
Feb 22 17:16:12    160.4    21650198       98    91.9%     95.6     0.4%     0.0%     1.7%     0.0%     6.3%     0.1%
Feb 22 17:17:13    154.2    23425370       98    91.9%     95.6     0.4%     0.0%     1.7%     0.0%     6.3%     0.1%
Feb 22 17:18:14    147.7    24946946       98    91.9%     95.6     0.4%     0.0%     1.7%     0.0%     6.3%     0.1%
Feb 22 17:19:14    147.8    27419507       98    91.9%     95.6     0.4%     0.0%     1.7%     0.0%     6.3%     0.1%
Feb 22 17:20:14    146.9    29701871       98    91.9%     95.6     0.4%     0.0%     1.7%     0.0%     6.3%     0.1%
Feb 22 17:21:26    142.5    31667240       98    91.9%     95.6     0.4%     0.0%     1.7%     0.0%     6.3%     0.1%
Feb 22 17:22:26    141.3    33759407       98    91.9%     95.6     0.4%     0.0%     1.7%     0.0%     6.3%     0.1%
Feb 22 17:23:27    140.6    35978372       98    91.9%     95.6     0.4%     0.0%     1.7%     0.0%     6.3%     0.1%
Feb 22 17:24:28    140.7    38387534       98    91.9%     95.6     0.4%     0.0%     1.7%     0.0%     6.3%     0.1%
Feb 22 17:25:28    141.4    40923494       98    91.9%     95.6     0.4%     0.0%     1.7%     0.0%     6.3%     0.1%
Feb 22 17:26:28    138.9    42508469       98    91.9%     95.6     0.4%     0.0%     1.7%     0.0%     6.3%     0.1%
Feb 22 17:27:29    133.3    43079060       98    91.9%     95.6     0.4%     0.0%     1.7%     0.0%     6.3%     0.1%
Feb 22 17:28:31    129.0    43903247       98    91.9%     95.6     0.4%     0.0%     1.7%     0.0%     6.3%     0.1%
Feb 22 17:29:44    125.3    45171227       98    91.9%     95.6     0.4%     0.0%     1.7%     0.0%     6.3%     0.1%
Feb 22 17:30:44    121.4    45805217       98    91.9%     95.6     0.4%     0.0%     1.7%     0.0%     6.3%     0.1%
Feb 22 17:31:45    120.6    47516990       98    91.9%     95.6     0.4%     0.0%     1.7%     0.0%     6.3%     0.1%
Feb 22 17:32:45    120.3    49418960       98    91.9%     95.6     0.4%     0.0%     1.7%     0.0%     6.4%     0.1%
Feb 22 17:33:46    120.3    51447728       98    91.9%     95.6     0.4%     0.0%     1.7%     0.0%     6.4%     0.1%
Feb 22 17:34:47    120.4    53539895       98    91.9%     95.6     0.4%     0.0%     1.7%     0.0%     6.4%     0.1%
Feb 22 17:35:47    121.7    56139254       98    91.9%     95.6     0.4%     0.0%     1.7%     0.0%     6.4%     0.1%
Feb 22 17:36:50    121.9    58358219       98    91.9%     95.6     0.4%     0.0%     1.7%     0.0%     6.4%     0.1%
Feb 22 17:37:50    122.5    60703982       98    91.9%     95.6     0.4%     0.0%     1.7%     0.0%     6.4%     0.1%
Feb 22 17:38:50    121.7    62352356       98    91.9%     95.6     0.4%     0.0%     1.7%     0.0%     6.4%     0.1%
Feb 22 17:39:51    121.1    64064129       98    91.9%     95.6     0.4%     0.0%     1.7%     0.0%     6.4%     0.1%
Feb 22 17:40:51    120.9    65966099       98    91.9%     95.6     0.4%     0.0%     1.7%     0.0%     6.4%     0.1%
Feb 22 17:41:52    120.8    67994867       98    91.9%     95.6     0.4%     0.0%     1.7%     0.0%     6.4%     0.1%
Feb 22 17:42:52    120.1    69579842       98    91.9%     95.6     0.4%     0.0%     1.7%     0.0%     6.4%     0.1%
Feb 22 17:43:53    119.6    71355014       98    91.9%     95.6     0.4%     0.0%     1.7%     0.0%     6.4%     0.1%
Feb 22 17:44:54    119.1    73066787       98    91.9%     95.6     0.4%     0.0%     1.7%     0.0%     6.4%     0.1%
Feb 22 17:45:58    118.6    74841959       98    91.9%     95.6     0.4%     0.0%     1.7%     0.0%     6.4%     0.1%
Feb 22 17:47:02    116.5    75602747       98    91.9%     95.6     0.4%     0.0%     1.7%     0.0%     6.4%     0.1%
Feb 22 17:48:09    114.2    76236737       98    91.9%     95.6     0.4%     0.0%     1.7%     0.0%     6.4%     0.1%
Feb 22 17:49:16    112.2    76997525       98    91.9%     95.6     0.4%     0.0%     1.7%     0.0%     6.4%     0.1%
Feb 22 17:50:18    110.3    77568116       98    91.9%     95.6     0.4%     0.0%     1.7%     0.0%     6.4%     0.1%
Feb 22 17:51:19    109.1    78582500       98    91.9%     95.6     0.4%     0.0%     1.7%     0.0%     6.4%     0.1%
Feb 22 17:52:21    109.0    80421071       98    91.9%     95.6     0.4%     0.0%     1.6%     0.0%     6.4%     0.1%
Feb 22 17:53:21    109.7    82766834       98    91.9%     95.6     0.4%     0.0%     1.6%     0.0%     6.4%     0.1%
Feb 22 17:54:23    108.9    84034814       98    91.9%     95.6     0.4%     0.0%     1.6%     0.0%     6.4%     0.1%
Feb 22 17:55:27    107.9    85175996       98    91.9%     95.6     0.4%     0.0%     1.6%     0.0%     6.4%     0.1%
Feb 22 17:56:31    106.9    86253779       98    91.9%     95.6     0.4%     0.0%     1.6%     0.0%     6.4%     0.1%
Feb 22 17:57:32    105.7    87077966       98    91.9%     95.6     0.4%     0.0%     1.6%     0.0%     6.4%     0.1%
Feb 22 17:58:32    105.0    88219148       98    91.9%     95.6     0.4%     0.0%     1.6%     0.0%     6.4%     0.1%
Feb 22 17:59:39    103.8    89170133       98    91.9%     95.6     0.4%     0.0%     1.6%     0.0%     6.4%     0.1%
Feb 22 18:00:44    103.0    90374714       98    91.9%     95.6     0.4%     0.0%     1.6%     0.0%     6.4%     0.1%
Feb 22 18:01:45    102.6    91769492       98    91.9%     95.6     0.4%     0.0%     1.6%     0.0%     6.3%     0.1%
Feb 22 18:02:47    102.0    92974073       98    91.9%     95.6     0.4%     0.0%     1.6%     0.0%     6.3%     0.1%
Feb 22 18:03:47    100.7    93481265       98    91.9%     95.6     0.4%     0.0%     1.6%     0.0%     6.3%     0.1%
Feb 22 18:04:48    100.9    95319836       98    91.9%     95.6     0.4%     0.0%     1.6%     0.0%     6.3%     0.1%
Feb 22 18:05:53     99.3    95636831       98    91.9%     95.6     0.4%     0.0%     1.6%     0.0%     6.3%     0.1%
Feb 22 18:06:58     99.4    97475402       98    91.9%     95.6     0.4%     0.0%     1.6%     0.0%     6.3%     0.1%
Feb 22 18:07:59     99.8    99567569       98    91.9%     95.6     0.4%     0.0%     1.6%     0.0%     6.3%     0.1%
Feb 22 18:08:59     99.9   101331410       98    91.9%     95.6     0.4%     0.0%     1.6%     0.0%     6.3%     0.1%
Feb 22 18:10:01     99.8   102965874       98    91.9%     95.6     0.4%     0.0%     1.6%     0.0%     6.3%     0.1%
Feb 22 18:11:02     99.9   104788930       98    91.9%     95.6     0.4%     0.0%     1.6%     0.0%     6.3%     0.1%
Feb 22 18:12:04    100.2   106800578       98    91.9%     95.6     0.4%     0.0%     1.6%     0.0%     6.3%     0.1%
Feb 22 18:13:06    100.3   108686498       98    91.9%     95.6     0.4%     0.0%     1.6%     0.0%     6.3%     0.1%
Feb 22 18:14:08    100.5   110635282       98    91.9%     95.6     0.4%     0.0%     1.6%     0.0%     6.3%     0.1%
Feb 22 18:15:08    100.7   112521202       98    91.9%     95.6     0.4%     0.0%     1.6%     0.0%     6.3%     0.1%
Feb 22 18:16:08    101.0   114532850       98    91.9%     95.6     0.4%     0.0%     1.6%     0.0%     6.4%     0.1%
Feb 22 18:17:08    101.3   116607362       98    91.9%     95.6     0.4%     0.0%     1.6%     0.0%     6.4%     0.1%
Feb 22 18:18:08    101.7   118744738       98    91.9%     95.6     0.4%     0.0%     1.6%     0.0%     6.4%     0.1%
Feb 22 18:19:10    102.3   121133570       98    91.9%     95.6     0.4%     0.0%     1.6%     0.0%     6.4%     0.1%
Feb 22 18:20:11    102.7   123333810       98    91.9%     95.6     0.4%     0.0%     1.6%     0.0%     6.4%     0.1%
Feb 22 18:21:11    103.1   125534050       98    91.9%     95.6     0.4%     0.0%     1.6%     0.0%     6.4%     0.1%
Feb 22 18:22:13    103.5   127797154       98    91.9%     95.6     0.4%     0.0%     1.6%     0.0%     6.4%     0.1%
Feb 22 18:23:14    103.8   129934530       98    91.9%     95.6     0.4%     0.0%     1.6%     0.0%     6.4%     0.1%
Feb 22 18:24:19    103.6   131631858       98    91.9%     95.6     0.4%     0.0%     1.6%     0.0%     6.4%     0.1%
Feb 22 18:25:19    103.9   133769234       98    91.9%     95.6     0.4%     0.0%     1.6%     0.0%     6.4%     0.1%
Feb 22 18:26:19    104.4   136158066       98    91.9%     95.6     0.4%     0.0%     1.6%     0.0%     6.4%     0.1%
Feb 22 18:27:19    104.8   138358306       98    91.9%     95.6     0.4%     0.0%     1.6%     0.0%     6.4%     0.1%
Feb 22 18:28:19    104.9   140307090       98    91.9%     95.6     0.4%     0.0%     1.6%     0.0%     6.4%     0.1%
Feb 22 18:29:19    105.3   142507330       98    91.9%     95.6     0.4%     0.0%     1.6%     0.0%     6.4%     0.1%
Feb 22 18:30:19    105.8   144959026       98    91.9%     95.6     0.4%     0.0%     1.6%     0.0%     6.4%     0.1%
Feb 22 18:31:21    106.2   147284994       98    91.9%     95.6     0.4%     0.0%     1.6%     0.0%     6.4%     0.1%
Feb 22 18:32:22    106.7   149799554       98    91.9%     95.6     0.4%     0.0%     1.6%     0.0%     6.4%     0.1%
Feb 22 18:33:22    107.2   152314114       98    91.9%     95.6     0.4%     0.0%     1.6%     0.0%     6.4%     0.1%
Feb 22 18:34:22    107.4   154388626       98    91.9%     95.6     0.4%     0.0%     1.7%     0.0%     6.4%     0.1%
Feb 22 18:35:22    107.7   156714594       98    91.9%     95.6     0.4%     0.0%     1.7%     0.0%     6.4%     0.1%
Feb 22 18:36:23    108.0   158914834       98    91.9%     95.6     0.4%     0.0%     1.7%     0.0%     6.4%     0.1%
Feb 22 18:37:24    108.1   160863618       98    91.9%     95.6     0.4%     0.0%     1.7%     0.0%     6.3%     0.1%
Feb 22 18:38:24    108.3   162938130       98    91.9%     95.6     0.4%     0.0%     1.7%     0.0%     6.3%     0.1%
Feb 22 18:39:24    108.5   165138370       98    91.9%     95.6     0.4%     0.0%     1.7%     0.0%     6.3%     0.1%
Feb 22 18:40:24    108.8   167401474       98    91.9%     95.6     0.4%     0.0%     1.7%     0.0%     6.3%     0.1%
Feb 22 18:41:25    108.6   168973074       98    91.9%     95.6     0.4%     0.0%     1.7%     0.0%     6.3%     0.1%
Feb 22 18:42:29    108.1   170041762       98    91.9%     95.6     0.4%     0.0%     1.7%     0.0%     6.3%     0.1%
Feb 22 18:43:30    107.8   171424770       98    91.9%     95.6     0.4%     0.0%     1.7%     0.0%     6.3%     0.1%
Feb 22 18:44:33    107.9   173373554       98    91.9%     95.6     0.4%     0.0%     1.7%     0.0%     6.3%     0.1%
Feb 22 18:45:34    108.1   175573794       98    91.9%     95.6     0.4%     0.0%     1.7%     0.0%     6.3%     0.1%
Feb 22 18:46:40    107.9   177271122       98    91.9%     95.6     0.4%     0.0%     1.7%     0.0%     6.3%     0.1%
Feb 22 18:47:41    107.6   178528402       98    91.9%     95.6     0.4%     0.0%     1.7%     0.0%     6.3%     0.1%
Feb 22 18:48:42    107.7   180602914       98    91.9%     95.6     0.4%     0.0%     1.7%     0.0%     6.3%     0.1%
Feb 22 18:49:42    108.0   182928882       98    91.9%     95.6     0.4%     0.0%     1.7%     0.0%     6.3%     0.1%
Feb 22 20:03:23     63.2   184689620       98    91.9%     95.6     0.4%     0.0%     1.7%     0.0%     6.3%     0.1%
ALL DONE!
