                                 Started job on |	Feb 22 17:07:42
                             Started mapping on |	Feb 22 17:08:06
                                    Finished on |	Feb 22 20:03:23
       Mapping speed, Million of reads per hour |	63.22

                          Number of input reads |	184689620
                      Average input read length |	98
                                    UNIQUE READS:
                   Uniquely mapped reads number |	169758228
                        Uniquely mapped reads % |	91.92%
                          Average mapped length |	95.60
                       Number of splices: Total |	140
            Number of splices: Annotated (sjdb) |	140
                       Number of splices: GT/AG |	135
                       Number of splices: GC/AG |	5
                       Number of splices: AT/AC |	0
               Number of splices: Non-canonical |	0
                      Mismatch rate per base, % |	0.42%
                         Deletion rate per base |	0.00%
                        Deletion average length |	1.00
                        Insertion rate per base |	0.01%
                       Insertion average length |	1.61
                             MULTI-MAPPING READS:
        Number of reads mapped to multiple loci |	0
             % of reads mapped to multiple loci |	0.00%
        Number of reads mapped to too many loci |	3058113
             % of reads mapped to too many loci |	1.66%
                                  UNMAPPED READS:
  Number of reads unmapped: too many mismatches |	0
       % of reads unmapped: too many mismatches |	0.00%
            Number of reads unmapped: too short |	11713954
                 % of reads unmapped: too short |	6.34%
                Number of reads unmapped: other |	159325
                     % of reads unmapped: other |	0.09%
                                  CHIMERIC READS:
                       Number of chimeric reads |	0
                            % of chimeric reads |	0.00%
